Building...
/root/processJobAndSmsApi_last/Models/DlrRequest.cs(11,43): warning CS8618: Non-nullable property 'QueryString' must contain a non-null value when exiting constructor. Consider declaring the property as nullable. [/root/processJobAndSmsApi_last/processJobAndSmsApi.csproj]
/root/processJobAndSmsApi_last/Services/SmsQueueProcessor.cs(45,42): warning CS8600: Converting null literal or possible null value to non-nullable type. [/root/processJobAndSmsApi_last/processJobAndSmsApi.csproj]
/root/processJobAndSmsApi_last/Controllers/UpdateDLRController.cs(46,17): warning CS4014: Because this call is not awaited, execution of the current method continues before the call is completed. Consider applying the 'await' operator to the result of the call. [/root/processJobAndSmsApi_last/processJobAndSmsApi.csproj]
/root/processJobAndSmsApi_last/Controllers/UpdateDLRController.cs(27,64): warning CS8604: Possible null reference argument for parameter 'query' in 'NameValueCollection HttpUtility.ParseQueryString(string query)'. [/root/processJobAndSmsApi_last/processJobAndSmsApi.csproj]
/root/processJobAndSmsApi_last/Controllers/UpdateDLRController.cs(28,39): warning CS8714: The type 'string?' cannot be used as type parameter 'TKey' in the generic type or method 'Enumerable.ToDictionary<TSource, TKey, TElement>(IEnumerable<TSource>, Func<TSource, TKey>, Func<TSource, TElement>)'. Nullability of type argument 'string?' doesn't match 'notnull' constraint. [/root/processJobAndSmsApi_last/processJobAndSmsApi.csproj]
/root/processJobAndSmsApi_last/Controllers/UpdateDLRController.cs(30,31): warning CS8621: Nullability of reference types in return type of 'lambda expression' doesn't match the target delegate 'Func<string?, string?>' (possibly because of nullability attributes). [/root/processJobAndSmsApi_last/processJobAndSmsApi.csproj]
/root/processJobAndSmsApi_last/Controllers/UpdateDLRController.cs(43,35): warning CS8619: Nullability of reference types in value of type 'Dictionary<string?, string>' doesn't match target type 'Dictionary<string, string>'. [/root/processJobAndSmsApi_last/processJobAndSmsApi.csproj]
/root/processJobAndSmsApi_last/Services/NumberService.cs(170,38): warning CS8604: Possible null reference argument for parameter 'item' in 'bool List<string>.Contains(string item)'. [/root/processJobAndSmsApi_last/processJobAndSmsApi.csproj]
/root/processJobAndSmsApi_last/Services/NumberService.cs(175,26): warning CS8714: The type 'string?' cannot be used as type parameter 'TKey' in the generic type or method 'Enumerable.ToDictionary<TSource, TKey, TElement>(IEnumerable<TSource>, Func<TSource, TKey>, Func<TSource, TElement>)'. Nullability of type argument 'string?' doesn't match 'notnull' constraint. [/root/processJobAndSmsApi_last/processJobAndSmsApi.csproj]
/root/processJobAndSmsApi_last/Services/NumberService.cs(177,23): warning CS8621: Nullability of reference types in return type of 'lambda expression' doesn't match the target delegate 'Func<IGrouping<string?, <anonymous type: string? Number, string? Status>>, string?>' (possibly because of nullability attributes). [/root/processJobAndSmsApi_last/processJobAndSmsApi.csproj]
/root/processJobAndSmsApi_last/Services/NumberService.cs(179,12): warning CS8619: Nullability of reference types in value of type 'Dictionary<string?, List<string?>>' doesn't match target type 'Dictionary<string, List<string>>'. [/root/processJobAndSmsApi_last/processJobAndSmsApi.csproj]
/root/processJobAndSmsApi_last/Services/SmsService.cs(774,87): warning CS8604: Possible null reference argument for parameter 'loggedUserId' in 'string SmsService.GenerateMessageID(string loggedUserId)'. [/root/processJobAndSmsApi_last/processJobAndSmsApi.csproj]
/root/processJobAndSmsApi_last/Program.cs(78,9): warning CS8604: Possible null reference argument for parameter 'connectionString' in 'DLRProcessorService.DLRProcessorService(IServiceScopeFactory scopeFactory, RabbitMQProducer rabbitMQProducer, RabbitMQConsumerService rabbitMQConsumer, ILogger<DLRProcessorService> logger, string connectionString)'. [/root/processJobAndSmsApi_last/processJobAndSmsApi.csproj]
/root/processJobAndSmsApi_last/Program.cs(88,1): warning CS8634: The type 'RabbitMQConfig?' cannot be used as type parameter 'TService' in the generic type or method 'ServiceCollectionServiceExtensions.AddSingleton<TService>(IServiceCollection, TService)'. Nullability of type argument 'RabbitMQConfig?' doesn't match 'class' constraint. [/root/processJobAndSmsApi_last/processJobAndSmsApi.csproj]
/root/processJobAndSmsApi_last/Services/DLRProcessorService.cs(179,33): warning CS8604: Possible null reference argument for parameter 'key' in '(string Status, string MsgData, DateTime? Success) Dictionary<string, (string Status, string MsgData, DateTime? Success)>.this[string key]'. [/root/processJobAndSmsApi_last/processJobAndSmsApi.csproj]
/root/processJobAndSmsApi_last/Services/DLRProcessorService.cs(179,62): warning CS8619: Nullability of reference types in value of type '(string? Status, string? MsgData, DateTime? Success)' doesn't match target type '(string Status, string MsgData, DateTime? Success)'. [/root/processJobAndSmsApi_last/processJobAndSmsApi.csproj]
/root/processJobAndSmsApi_last/Controllers/processJobAndSmsApiController.cs(171,32): warning CS8321: The local function 'ProcessNumbers' is declared but never used [/root/processJobAndSmsApi_last/processJobAndSmsApi.csproj]
/root/processJobAndSmsApi_last/Controllers/processJobAndSmsApiController.cs(1122,27): warning CS8629: Nullable value type may be null. [/root/processJobAndSmsApi_last/processJobAndSmsApi.csproj]
/root/processJobAndSmsApi_last/Controllers/processJobAndSmsApiController.cs(1128,29): warning CS8602: Dereference of a possibly null reference. [/root/processJobAndSmsApi_last/processJobAndSmsApi.csproj]
/root/processJobAndSmsApi_last/Controllers/processJobAndSmsApiController.cs(1170,52): warning CS8604: Possible null reference argument for parameter 'smsParam' in 'Task ProcessJobAndSmsApiController.SendMessagesAsync(List<string> numbers, Dictionary<string, object> message, string smsParam, List<string> smppSMSCNames, List<int> smppSMSCIDs, IServiceScopeFactory serviceScopeFactory)'. [/root/processJobAndSmsApi_last/processJobAndSmsApi.csproj]
/root/processJobAndSmsApi_last/Controllers/processJobAndSmsApiController.cs(1229,55): warning CS8604: Possible null reference argument for parameter 'loggedUserId' in 'string SmsService.GenerateMessageID(string loggedUserId)'. [/root/processJobAndSmsApi_last/processJobAndSmsApi.csproj]
/root/processJobAndSmsApi_last/Services/DLRProcessorService.cs(302,42): warning CS8602: Dereference of a possibly null reference. [/root/processJobAndSmsApi_last/processJobAndSmsApi.csproj]
/root/processJobAndSmsApi_last/Services/DLRProcessorService.cs(307,44): warning CS8602: Dereference of a possibly null reference. [/root/processJobAndSmsApi_last/processJobAndSmsApi.csproj]
/root/processJobAndSmsApi_last/Services/DLRProcessorService.cs(311,15): warning CS8604: Possible null reference argument for parameter 'source' in 'bool Enumerable.All<char>(IEnumerable<char> source, Func<char, bool> predicate)'. [/root/processJobAndSmsApi_last/processJobAndSmsApi.csproj]
/root/processJobAndSmsApi_last/Services/DLRProcessorService.cs(311,65): warning CS8602: Dereference of a possibly null reference. [/root/processJobAndSmsApi_last/processJobAndSmsApi.csproj]
/root/processJobAndSmsApi_last/Services/DLRProcessorService.cs(325,59): warning CS8604: Possible null reference argument for parameter 'key' in 'bool Dictionary<string, string>.TryGetValue(string key, out string value)'. [/root/processJobAndSmsApi_last/processJobAndSmsApi.csproj]
/root/processJobAndSmsApi_last/Services/DLRProcessorService.cs(332,47): warning CS8602: Dereference of a possibly null reference. [/root/processJobAndSmsApi_last/processJobAndSmsApi.csproj]
/root/processJobAndSmsApi_last/Services/DLRProcessorService.cs(333,44): warning CS8602: Dereference of a possibly null reference. [/root/processJobAndSmsApi_last/processJobAndSmsApi.csproj]
/root/processJobAndSmsApi_last/Services/DLRProcessorService.cs(334,44): warning CS8602: Dereference of a possibly null reference. [/root/processJobAndSmsApi_last/processJobAndSmsApi.csproj]
/root/processJobAndSmsApi_last/Services/DLRProcessorService.cs(335,44): warning CS8602: Dereference of a possibly null reference. [/root/processJobAndSmsApi_last/processJobAndSmsApi.csproj]
/root/processJobAndSmsApi_last/Services/DLRProcessorService.cs(336,44): warning CS8602: Dereference of a possibly null reference. [/root/processJobAndSmsApi_last/processJobAndSmsApi.csproj]
/root/processJobAndSmsApi_last/Services/DLRProcessorService.cs(337,44): warning CS8602: Dereference of a possibly null reference. [/root/processJobAndSmsApi_last/processJobAndSmsApi.csproj]
/root/processJobAndSmsApi_last/Services/DLRProcessorService.cs(342,86): warning CS8604: Possible null reference argument for parameter 'item' in 'bool List<string>.Contains(string item)'. [/root/processJobAndSmsApi_last/processJobAndSmsApi.csproj]
[18:16:55 INF] SmsQueueProcessor started...
[18:16:55 INF] Starting DLRProcessorService...
[18:16:55 INF] ✅ RabbitMQ Consumer is running...
[18:16:55 INF] Started consuming messages from RabbitMQ.
[18:16:55 INF] Now listening on: http://localhost:5195
[18:16:55 INF] Application started. Press Ctrl+C to shut down.
[18:16:55 INF] Hosting environment: Development
[18:16:55 INF] Content root path: /root/processJobAndSmsApi_last
[18:17:13 INF] Application is shutting down...
[18:17:13 INF] Stopping DLRProcessorService...
